<?xml version="1.0" encoding="UTF-8"?>
<!-- Generated by org.testng.reporters.JUnitReportReporter -->
<testsuite hostname="BHANU" failures="0" tests="1" name="test_Cases.TC2_Login_Test" time="3.274" errors="0" timestamp="2024-02-28T13:32:57 IST" skipped="0">
  <testcase classname="test_Cases.TC2_Login_Test" name="login_Test" time="3.274"/>
</testsuite> <!-- test_Cases.TC2_Login_Test -->
