<?xml version="1.0" encoding="UTF-8"?>
<!-- Generated by org.testng.reporters.JUnitReportReporter -->
<testsuite hostname="BHANU" failures="0" tests="1" name="test_Cases.TestCase_Registration" time="19.094" errors="0" timestamp="2024-02-28T13:32:57 IST" skipped="0">
  <testcase classname="test_Cases.TestCase_Registration" name="test_Registration" time="19.094"/>
</testsuite> <!-- test_Cases.TestCase_Registration -->
